##### Simulation Starts #####
1 -1.5297498817916304
2 -1.5297498817916304
3 -1.5297498817916304
4 -1.5297498817916304
4 0
5 -1.5297498817916304
6 -1.5297498817916304
7 -1.5297498817916304
8 -1.5297498817916304
9 -1.5297498817916304
10 -1.5297498817916304
11 -1.5297498817916304
12 -1.5297498817916304
13 -1.5297498817916304
13 0
14 -1.5297498817916304
15 -1.5297498817916304
16 -1.5297498817916304
17 -1.5297498817916304
18 -1.5297498817916304
18 0
19 -1.5297498817916304
19 0
20 -1.5297498817916304
20 0
