#
# ACEMD version 3.3.0
#
# Copyright (C) 2017-2019 Acellera (www.acellera.com)
#
# When publishing, please cite:
#   ACEMD: Accelerating Biomolecular Dynamics in the Microsecond Time Scale
#   M. J. Harvey, G. Giupponi and G. De Fabritiis,
#   J Chem. Theory. Comput. 2009 5(6), pp1632-1639
#   DOI: 10.1021/ct9000685
#
# Arguments:
#   input: input_1_0.inp
#   platform: 
#   device: 0
#   ncpus: 
#   precision: mixed
#
# Looking for node-locked license in [/opt/acellera/license.dat]  - found
# Read input file: input_1_0.inp
# Parse input file
$
$# Forcefield configuration
$
$           parameters /scratch/giuseppe/RS_grant_project_2023/binding_steps/run_1_new/binding_step_2_2/parameters/par_all36_lipid.prm
$           parameters /scratch/giuseppe/RS_grant_project_2023/binding_steps/run_1_new/binding_step_2_2/parameters/par_all36_prot.prm
$           parameters /scratch/giuseppe/RS_grant_project_2023/binding_steps/run_1_new/binding_step_2_2/parameters/par_all36_cgenff.prm
$
$# Initial State
$
$            structure ../../system/NEUTRAL_fis.psf
$          coordinates ../../system/NEUTRAL_fis.pdb
$       binCoordinates ../../system/previous.coor
$        binVelocities ../../system/previous.vel
$       extendedSystem ../../system/previous.xsc
$#          temperature 310.00 # Explicit velocity field provided
$
$# Output
$
$       trajectoryFile GLP1_binding_step_2_0.xtc
$     trajectoryPeriod 25000
$
$# Electrostatics 
$
$                  PME on
$               cutoff 9.00 # A
$            switching on
$       switchDistance 7.50 # A
$      implicitSolvent off
$
$# Temperature Control 
$
$           thermostat on
$ thermostatTemperature 310.00 # K
$    thermostatDamping 0.10 # /ps
$
$# Pressure Control 
$
$             barostat off
$     barostatPressure 1.0000 # bar
$  barostatAnisotropic off
$   barostatConstRatio off
$      barostatConstXY off
$
$# Integration
$
$             timeStep 4.00 # fs
$           slowPeriod 4.00 # fs
$
$# External forces
$
$
$# Restraints
$
$
$# Run Configuration
$
$              restart off
$                  run 100000
# Parse force field and topology files
#   Force field: CHARMM
#   PRM file: /scratch/giuseppe/RS_grant_project_2023/binding_steps/run_1_new/binding_step_2_2/parameters/par_all36_lipid.prm
#   PRM file: /scratch/giuseppe/RS_grant_project_2023/binding_steps/run_1_new/binding_step_2_2/parameters/par_all36_prot.prm
#   PRM file: /scratch/giuseppe/RS_grant_project_2023/binding_steps/run_1_new/binding_step_2_2/parameters/par_all36_cgenff.prm
#   PSF file: ../../system/NEUTRAL_fis.psf
# WARNING: No NBFIX parameters exist for atom type oc2d1!
# WARNING: No NBFIX parameters exist for atom type oc2d2!
# WARNING: No NBFIX parameters exist for atom type oc2d3!
# WARNING: No NBFIX parameters exist for atom type oc2d4!
# WARNING: No NBFIX parameters exist for atom type oc2d2!
# WARNING: No NBFIX parameters exist for atom type oc2d3!
# WARNING: No NBFIX parameters exist for atom type oc2d4!
# WARNING: No NBFIX parameters exist for atom type nn1!
# WARNING: No NBFIX parameters exist for atom type nn2!
# WARNING: No NBFIX parameters exist for atom type nn2u!
# WARNING: No NBFIX parameters exist for atom type nn2g!
# WARNING: No NBFIX parameters exist for atom type nn3!
# WARNING: No NBFIX parameters exist for atom type nn3a!
# WARNING: No NBFIX parameters exist for atom type nn3g!
# WARNING: No NBFIX parameters exist for atom type nn4!
# WARNING: No NBFIX parameters exist for atom type on1!
# WARNING: No NBFIX parameters exist for atom type on1c!
# WARNING: No NBFIX parameters exist for atom type nn1!
# WARNING: No NBFIX parameters exist for atom type nn2!
# WARNING: No NBFIX parameters exist for atom type nn2u!
# WARNING: No NBFIX parameters exist for atom type nn2g!
# WARNING: No NBFIX parameters exist for atom type nn3!
# WARNING: No NBFIX parameters exist for atom type nn3a!
# WARNING: No NBFIX parameters exist for atom type nn3g!
# WARNING: No NBFIX parameters exist for atom type nn4!
# WARNING: No NBFIX parameters exist for atom type on1!
# WARNING: No NBFIX parameters exist for atom type on1c!
#
# Force field parameters
#   Number of atom parameters: 273
#   Number of bond parameters: 862
#   Number of angle parameters: 2869
#   Number of dihedral parameters: 7299
#   Number of improper parameters: 225
#   Number of CMAP parameters: 7
#
# System topology
#   Number of atoms: 131153
#   Number of bonds: 103346
#   Number of angles: 99659
#   Number of dihedrals: 95564
#   Number of impropers: 1552
#   Number of CMAPs: 421
#
# Initializing engine
#   Version: 7.4.2
#   Plugin directory: /home/ad5288/.conda/envs/acellera/lib/acemd3
#   Loaded plugins
#     CPU
#     PME
#     CUDA
#     CudaCompiler
#     OpenCL
#     PlumedCUDA
#     PlumedOpenCL
#     PlumedReference
#   Available platforms
#     CPU
#     CUDA
#     OpenCL
#
# Bonded interactions
#   Harmonic bond interactions
#     Number of terms: 99165
#     Number of skipped terms: 4181
#     NOTE: the skipped terms have zero force constants
#   Harmonic angle interactions
#     Number of terms: 99659
#   Urey-Bradley interactions
#     Number of terms: 54195
#   Proper dihedral interations
#     Number of terms: 112628
#     Number of skipped terms: 9758
#     NOTE: the skipped terms have zero force constants
#   Improper dihedral interations
#     Number of terms: 1490
#     Number of skipped terms: 62
#     NOTE: the skipped terms have zero force constants
#   CMAP interactions
#     Number of terms: 421
#
# Non-bonded interactions
#   Number of exclusions: 293981
#   Lennard-Jones terms
#     Cutoff distance: 9.000 A
#     Switching distance: 7.500 A
#   Coulombic (PME) term
#     Ewald tolerance: 0.000500
#   No NBFIX
#   No implicit solvent
#
# Constraining hydrogen (X-H) bonds
#   Number of constrained bonds: 84546
#   Making water molecules rigid
#     Number of water molecules: 31698
# Number of constraints: 116244
#
# Repartitioning hydrogen atom mass
#   New hydrogen mass: 4.032 au
#   Number of hydrogen atoms: 84546
#
# Reading box sizes from ../../system/previous.xsc
#
# Creating simulation system
#   Number of particles: 131153
#   Number of degrees of freedom 277212
#   Periodic box size: 89.460 89.991 160.359 A
#
# Integrator
#   Type: velocity Verlet
#   Step size: 4.00 fs
#   Constraint tolerance: 1.0e-06
#
# Thermostat
#   Type: Langevin
#   Target temperature: 310.00 K
#   Friction coefficient: 0.10 ps^-1
#
# Setting up platform: CUDA
# Interactions: 1 2 3 4 5 6 7 12
# Platform properties:
#   DeviceIndex: 0
#   DeviceName: GeForce RTX 2080 Ti
#   UseBlockingSync: false
#   Precision: mixed
#   UseCpuPme: false
#   CudaCompiler: 
#   TempDirectory: /tmp
#   CudaHostCompiler: 
#   DisablePmeStream: false
#   DeterministicForces: false
#
# Set initial positions from an input file
#
# Initial velocities
#   File: ../../system/previous.vel
#
# Optimize platform for MD
#   Number of constraints: 116244
#   Harmonic bond interations
#     Initial number of terms: 99165
#     Optimized number of terms: 14619
#   Remaining interactions: 2 3 4 5 6 7 12 1
#
# Running simulation
#   Current step: 0
#   Number of steps: 100000
#
# Trajectory output
#   Positions: GLP1_binding_step_2_0.xtc
#   Period: 25000
#   Wrapping: off
#
# Log, trajectory, and restart files are written every 100.000 ps (25000 steps)
# Step       Time         Bond         Angle        Urey-Bradley Dihedral     Improper     CMAP         Non-bonded   Implicit     External     Potential    Kinetic      Total        Temperature  Volume      
#            [ps]         [kcal/mol]   [kcal/mol]   [kcal/mol]   [kcal/mol]   [kcal/mol]   [kcal/mol]   [kcal/mol]   [kcal/mol]   [kcal/mol]   [kcal/mol]   [kcal/mol]   [kcal/mol]   [K]          [A^3]       
       25000       100.00    4955.4164   16482.0736    5495.3472   15985.6629     370.8871    -156.1369 -368986.9720       0.0000       0.0000 -325853.7219   85657.3707 -240196.3512      310.988   1290982.75
# Speed: average  165.68 ns/day, current  165.68 ns/day
# Progress: 25.0%, remaining time: 0:02:36, ETA: Mon Jun 12 12:30:39 2023
       50000       200.00    4979.1719   16598.3994    5489.9733   16006.0951     385.4153    -163.2431 -369237.2696       0.0000       0.0000 -325941.4577   85667.8113 -240273.6464      311.026   1290982.75
# Speed: average  163.65 ns/day, current  161.68 ns/day
# Progress: 50.0%, remaining time: 0:01:45, ETA: Mon Jun 12 12:30:41 2023
       75000       300.00    4995.5450   16577.6829    5532.3176   15983.4910     365.2036    -158.1846 -369201.2071       0.0000       0.0000 -325905.1516   85541.7277 -240363.4239      310.568   1290982.75
# Speed: average  162.36 ns/day, current  159.82 ns/day
# Progress: 75.0%, remaining time: 0:00:53, ETA: Mon Jun 12 12:30:43 2023
      100000       400.00    4837.4925   16553.3541    5507.1276   16008.2073     354.3983    -141.0221 -369622.8861       0.0000       0.0000 -326503.3282   85022.2439 -241481.0843      308.682   1290982.75
# Speed: average  161.57 ns/day, current  159.25 ns/day
# Progress: 100.0%, remaining time: 0:00:00, ETA: Mon Jun 12 12:30:44 2023
# Writing final coordinates to "output.coor"
# Writing final velocities to "output.vel"
# Writing final simulation box to "output.xsc"
# Completed simulation!
